<?xml version="1.0" encoding="UTF-8"?>
<!-- Generated by org.testng.reporters.JUnitXMLReporter -->
<testsuite ignored="0" hostname="DESKTOP-CHV52S0" failures="1" tests="1" name="All Tests" time="14.822" errors="0" timestamp="2019-12-20T14:10:46 CST">
  <testcase classname="com.mercuryTravel.test.HomePageTests" name="verifyLoginToMercuryTravelAsUserWithCorrectCredentials" time="2.985">
    <failure type="java.lang.AssertionError" message="expected [Welcome, Manoj 1] but found [Welcome, Manoj]">
      <![CDATA[java.lang.AssertionError: expected [Welcome, Manoj 1] but found [Welcome, Manoj]
at com.mercuryTravel.test.HomePageTests.verifyLoginToMercuryTravelAsUserWithCorrectCredentials(HomePageTests.java:25)
at java.base/java.util.ArrayList.forEach(ArrayList.java:1540)
... Removed 32 stack frames]]>
    </failure>
  </testcase> <!-- verifyLoginToMercuryTravelAsUserWithCorrectCredentials -->
</testsuite> <!-- All Tests -->
